#
# A fatal error has been detected by the Java Runtime Environment:
#
#  EXCEPTION_ACCESS_VIOLATION (0xc0000005) at pc=0x0000000050b582c9, pid=13728, tid=14824
#
# JRE version: Java(TM) SE Runtime Environment (8.0_45-b14) (build 1.8.0_45-b14)
# Java VM: Java HotSpot(TM) 64-Bit Server VM (25.45-b02 mixed mode windows-amd64 compressed oops)
# Problematic frame:
# V  [jvm.dll+0x1282c9]
#
# Failed to write core dump. Minidumps are not enabled by default on client versions of Windows
#
# If you would like to submit a bug report, please visit:
#   http://bugreport.java.com/bugreport/crash.jsp
#

---------------  T H R E A D  ---------------

Current thread (0x0000000015380800):  JavaThread "JDWP Transport Listener: dt_socket" daemon [_thread_in_vm, id=14824, stack(0x0000000016c00000,0x0000000016d00000)]

siginfo: ExceptionCode=0xc0000005, reading address 0xffffffffffffffff

Registers:
RAX=0x0000000016cff701, RBX=0x000000001716ed70, RCX=0x000000001716ed70, RDX=0x0000000017053d60
RSP=0x0000000016cff710, RBP=0x0000000017247b00, RSI=0x0000000016cff828, RDI=0x0000000002aaa4a0
R8 =0x0000000015380800, R9 =0x0000000000000000, R10=0x0000000000000000, R11=0x0000000000000064
R12=0x0000000000000000, R13=0x0000000015377b68, R14=0x0000000000000000, R15=0x0000000000000000
RIP=0x0000000050b582c9, EFLAGS=0x0000000000010216

Top of Stack: (sp=0x0000000016cff710)
0x0000000016cff710:   0000000015380800 0000000015380800
0x0000000016cff720:   0000000016cff7d8 0000000050d5c7db
0x0000000016cff730:   0000000015380800 0000000050d7903d
0x0000000016cff740:   0000000000000000 0000000051d89155
0x0000000016cff750:   0000000015398568 0000000051d9291e
0x0000000016cff760:   0000000015380800 0000000000000000
0x0000000016cff770:   0000000000000000 0000000000000000
0x0000000016cff780:   0000000017247b00 0000000051d91a15
0x0000000016cff790:   0000000016cff828 0000000016cff800
0x0000000016cff7a0:   0000000000000001 0000000015398568
0x0000000016cff7b0:   0000000017247b00 0000000051d753b3
0x0000000016cff7c0:   0000000016cff8f0 0000000000000001
0x0000000016cff7d0:   0000000000000001 0000000015398568
0x0000000016cff7e0:   0000000000000009 0000000000000000
0x0000000016cff7f0:   0000000000000000 0000000000000000
0x0000000016cff800:   0000000000000001 0000000051d75571 

Instructions: (pc=0x0000000050b582c9)
0x0000000050b582a9:   33 c0 48 83 c4 28 c3 48 89 5c 24 20 48 8b 19 48
0x0000000050b582b9:   85 db 74 20 48 83 fb 37 74 1a 48 8b 13 48 8b cb
0x0000000050b582c9:   ff 52 10 84 c0 74 0d 48 8b c3 48 8b 5c 24 20 48
0x0000000050b582d9:   83 c4 28 c3 33 c0 48 8b 5c 24 20 48 83 c4 28 c3 


Register to memory mapping:

RAX=0x0000000016cff701 is pointing into the stack for thread: 0x0000000015380800
RBX=0x000000001716ed70 is an unknown value
RCX=0x000000001716ed70 is an unknown value
RDX=0x0000000017053d60 is an unknown value
RSP=0x0000000016cff710 is pointing into the stack for thread: 0x0000000015380800
RBP=0x0000000017247b00 is an unknown value
RSI=0x0000000016cff828 is pointing into the stack for thread: 0x0000000015380800
RDI=0x0000000002aaa4a0 is an unknown value
R8 =0x0000000015380800 is a thread
R9 =0x0000000000000000 is an unknown value
R10=0x0000000000000000 is an unknown value
R11=0x0000000000000064 is an unknown value
R12=0x0000000000000000 is an unknown value
R13=0x0000000015377b68 is an unknown value
R14=0x0000000000000000 is an unknown value
R15=0x0000000000000000 is an unknown value


Stack: [0x0000000016c00000,0x0000000016d00000],  sp=0x0000000016cff710,  free space=1021k
Native frames: (J=compiled Java code, j=interpreted, Vv=VM code, C=native code)
V  [jvm.dll+0x1282c9]
V  [jvm.dll+0x34903d]
C  [jdwp.dll+0x21a15]
C  [jdwp.dll+0x53b3]
C  [jdwp.dll+0x5571]
C  [jdwp.dll+0xf0a8]
C  [jdwp.dll+0x1f2d5]
C  [jdwp.dll+0x1f4aa]
V  [jvm.dll+0x1bae98]
V  [jvm.dll+0x241984]
V  [jvm.dll+0x29853a]
C  [msvcr100.dll+0x21d9f]
C  [msvcr100.dll+0x21e3b]
C  [KERNEL32.DLL+0x12d92]
C  [ntdll.dll+0x9f64]


---------------  P R O C E S S  ---------------

Java Threads: ( => current thread )
  0x000000001705e000 JavaThread "Service Thread" daemon [_thread_blocked, id=7688, stack(0x0000000017600000,0x0000000017700000)]
  0x00000000153c8800 JavaThread "C1 CompilerThread2" daemon [_thread_blocked, id=7756, stack(0x0000000017500000,0x0000000017600000)]
  0x0000000017020800 JavaThread "C2 CompilerThread1" daemon [_thread_blocked, id=12572, stack(0x0000000017400000,0x0000000017500000)]
  0x0000000015395000 JavaThread "C2 CompilerThread0" daemon [_thread_blocked, id=11648, stack(0x0000000016f00000,0x0000000017000000)]
  0x0000000015389000 JavaThread "JDWP Command Reader" daemon [_thread_in_native, id=4992, stack(0x0000000016e00000,0x0000000016f00000)]
  0x0000000015383800 JavaThread "JDWP Event Helper Thread" daemon [_thread_blocked, id=9232, stack(0x0000000016d00000,0x0000000016e00000)]
=>0x0000000015380800 JavaThread "JDWP Transport Listener: dt_socket" daemon [_thread_in_vm, id=14824, stack(0x0000000016c00000,0x0000000016d00000)]
  0x000000001536d800 JavaThread "Attach Listener" daemon [_thread_blocked, id=12316, stack(0x00000000167c0000,0x00000000168c0000)]
  0x000000001536c000 JavaThread "Signal Dispatcher" daemon [_thread_blocked, id=1264, stack(0x00000000166c0000,0x00000000167c0000)]
  0x0000000002da8000 JavaThread "Finalizer" daemon [_thread_blocked, id=5080, stack(0x00000000165c0000,0x00000000166c0000)]
  0x0000000002d9f000 JavaThread "Reference Handler" daemon [_thread_blocked, id=10932, stack(0x00000000164c0000,0x00000000165c0000)]
  0x0000000002cb2800 JavaThread "main" [_thread_blocked, id=11228, stack(0x0000000002bb0000,0x0000000002cb0000)]

Other Threads:
  0x0000000015337800 VMThread [stack: 0x00000000163c0000,0x00000000164c0000] [id=13372]
  0x0000000017063000 WatcherThread [stack: 0x0000000017700000,0x0000000017800000] [id=1840]

VM state:not at safepoint (normal execution)

VM Mutex/Monitor currently owned by a thread: None

Heap:
 PSYoungGen      total 18944K, used 2294K [0x00000000eb500000, 0x00000000eca00000, 0x0000000100000000)
  eden space 16384K, 14% used [0x00000000eb500000,0x00000000eb73d948,0x00000000ec500000)
  from space 2560K, 0% used [0x00000000ec780000,0x00000000ec780000,0x00000000eca00000)
  to   space 2560K, 0% used [0x00000000ec500000,0x00000000ec500000,0x00000000ec780000)
 ParOldGen       total 44032K, used 0K [0x00000000c1e00000, 0x00000000c4900000, 0x00000000eb500000)
  object space 44032K, 0% used [0x00000000c1e00000,0x00000000c1e00000,0x00000000c4900000)
 Metaspace       used 3058K, capacity 4664K, committed 4864K, reserved 1056768K
  class space    used 326K, capacity 424K, committed 512K, reserved 1048576K

Card table byte_map: [0x0000000012170000,0x0000000012370000] byte_map_base: 0x0000000011b61000

Marking Bits: (ParMarkBitMap*) 0x0000000051234040
 Begin Bits: [0x00000000128c0000, 0x0000000013848000)
 End Bits:   [0x0000000013848000, 0x00000000147d0000)

Polling page: 0x0000000001140000

CodeCache: size=245760Kb used=1208Kb max_used=1208Kb free=244552Kb
 bounds [0x0000000002db0000, 0x0000000003020000, 0x0000000011db0000]
 total_blobs=307 nmethods=72 adapters=156
 compilation: enabled

Compilation events (10 events):
Event: 436.300 Thread 0x00000000153c8800   68       3       java.lang.String::startsWith (7 bytes)
Event: 436.300 Thread 0x00000000153c8800 nmethod 68 0x0000000002edcb50 code [0x0000000002edccc0, 0x0000000002edcee8]
Event: 436.300 Thread 0x00000000153c8800   69       3       java.util.Arrays::copyOf (19 bytes)
Event: 436.301 Thread 0x00000000153c8800 nmethod 69 0x0000000002edcf90 code [0x0000000002edd100, 0x0000000002edd448]
Event: 436.301 Thread 0x00000000153c8800   71       3       java.util.zip.ZStreamRef::address (5 bytes)
Event: 436.301 Thread 0x00000000153c8800 nmethod 71 0x0000000002edd590 code [0x0000000002edd6e0, 0x0000000002edd830]
Event: 436.301 Thread 0x00000000153c8800   70       3       java.lang.String::toCharArray (25 bytes)
Event: 436.301 Thread 0x00000000153c8800 nmethod 70 0x0000000002edd890 code [0x0000000002edda00, 0x0000000002eddc88]
Event: 436.301 Thread 0x00000000153c8800   72       1       java.util.zip.ZipFile::access$000 (5 bytes)
Event: 436.301 Thread 0x00000000153c8800 nmethod 72 0x0000000002eddd50 code [0x0000000002eddea0, 0x0000000002eddf90]

GC Heap History (0 events):
No events

Deoptimization events (0 events):
No events

Internal exceptions (6 events):
Event: 0.062 Thread 0x0000000002cb2800 Exception <a 'java/lang/NoSuchMethodError': Method sun.misc.Unsafe.defineClass(Ljava/lang/String;[BII)Ljava/lang/Class; name or signature does not match> (0x00000000eb50de90) thrown at [C:\re\workspace\8-2-build-windows-amd64-cygwin\jdk8u45\3457\hotspot\srÀìde9
Event: 0.063 Thread 0x0000000002cb2800 Exception <a 'java/lang/NoSuchMethodError': Method sun.misc.Unsafe.prefetchRead(Ljava/lang/Object;J)V name or signature does not match> (0x00000000eb50e120) thrown at [C:\re\workspace\8-2-build-windows-amd64-cygwin\jdk8u45\3457\hotspot\src\share\vm\prims\jœHBþ‘D{@
Event: 436.286 Thread 0x0000000015380800 Exception <a 'java/security/PrivilegedActionException'> (0x00000000eb647160) thrown at [C:\re\workspace\8-2-build-windows-amd64-cygwin\jdk8u45\3457\hotspot\src\share\vm\prims\jvm.cpp, line 1382]
Event: 436.286 Thread 0x0000000015380800 Exception <a 'java/security/PrivilegedActionException'> (0x00000000eb647318) thrown at [C:\re\workspace\8-2-build-windows-amd64-cygwin\jdk8u45\3457\hotspot\src\share\vm\prims\jvm.cpp, line 1382]
Event: 436.286 Thread 0x0000000015380800 Exception <a 'java/security/PrivilegedActionException'> (0x00000000eb699e48) thrown at [C:\re\workspace\8-2-build-windows-amd64-cygwin\jdk8u45\3457\hotspot\src\share\vm\prims\jvm.cpp, line 1382]
Event: 436.286 Thread 0x0000000015380800 Exception <a 'java/security/PrivilegedActionException'> (0x00000000eb69a000) thrown at [C:\re\workspace\8-2-build-windows-amd64-cygwin\jdk8u45\3457\hotspot\src\share\vm\prims\jvm.cpp, line 1382]

Events (10 events):
Event: 1342.507 Executing VM operation: ChangeBreakpoints
Event: 1342.507 Executing VM operation: ChangeBreakpoints done
Event: 2161.462 Executing VM operation: RedefineClasses
Event: 2161.462 Executing VM operation: RedefineClasses done
Event: 2161.467 Executing VM operation: ChangeBreakpoints
Event: 2161.468 Executing VM operation: ChangeBreakpoints done
Event: 2161.475 Executing VM operation: ChangeBreakpoints
Event: 2161.475 Executing VM operation: ChangeBreakpoints done
Event: 2434.017 Executing VM operation: RedefineClasses
Event: 2434.018 Executing VM operation: RedefineClasses done


Dynamic libraries:
0x00007ff609720000 - 0x00007ff609757000 	C:\Program Files\Java\jdk1.8.0_45\bin\javaw.exe
0x00007fffda300000 - 0x00007fffda4c2000 	C:\Windows\SYSTEM32\ntdll.dll
0x00007fffd9270000 - 0x00007fffd931d000 	C:\Windows\system32\KERNEL32.DLL
0x00007fffd77f0000 - 0x00007fffd79cd000 	C:\Windows\system32\KERNELBASE.dll
0x00007fffd7ad0000 - 0x00007fffd7b76000 	C:\Windows\system32\ADVAPI32.dll
0x00007fffda1f0000 - 0x00007fffda28d000 	C:\Windows\system32\msvcrt.dll
0x00007fffd9960000 - 0x00007fffd99bb000 	C:\Windows\system32\sechost.dll
0x00007fffd9ed0000 - 0x00007fffd9ff6000 	C:\Windows\system32\RPCRT4.dll
0x00007fffd9120000 - 0x00007fffd926e000 	C:\Windows\system32\USER32.dll
0x00007fffda000000 - 0x00007fffda185000 	C:\Windows\system32\GDI32.dll
0x00007fffc8930000 - 0x00007fffc8ba4000 	C:\Windows\WinSxS\amd64_microsoft.windows.common-controls_6595b64144ccf1df_6.0.10240.16384_none_f41f7b285750ef43\COMCTL32.dll
0x00007fffd9e10000 - 0x00007fffd9e46000 	C:\Windows\system32\IMM32.DLL
0x00007fffd9c40000 - 0x00007fffd9d9c000 	C:\Windows\system32\MSCTF.dll
0x0000000051df0000 - 0x0000000051ec2000 	C:\Program Files\Java\jdk1.8.0_45\jre\bin\msvcr100.dll
0x0000000050a30000 - 0x00000000512b3000 	C:\Program Files\Java\jdk1.8.0_45\jre\bin\server\jvm.dll
0x00007fffd9e50000 - 0x00007fffd9e58000 	C:\Windows\system32\PSAPI.DLL
0x00007fffcb7f0000 - 0x00007fffcb7f9000 	C:\Windows\SYSTEM32\WSOCK32.dll
0x00007fffd5430000 - 0x00007fffd5453000 	C:\Windows\SYSTEM32\WINMM.dll
0x00007fffd9da0000 - 0x00007fffd9e09000 	C:\Windows\system32\WS2_32.dll
0x00007fffd9110000 - 0x00007fffd9118000 	C:\Windows\system32\NSI.dll
0x00007fffcf1c0000 - 0x00007fffcf1ca000 	C:\Windows\SYSTEM32\VERSION.dll
0x00007fffd53d0000 - 0x00007fffd53fc000 	C:\Windows\SYSTEM32\WINMMBASE.dll
0x00007fffd7570000 - 0x00007fffd75b4000 	C:\Windows\system32\cfgmgr32.dll
0x00007fffd56a0000 - 0x00007fffd56c7000 	C:\Windows\SYSTEM32\DEVOBJ.dll
0x0000000051de0000 - 0x0000000051def000 	C:\Program Files\Java\jdk1.8.0_45\jre\bin\verify.dll
0x0000000051db0000 - 0x0000000051dd9000 	C:\Program Files\Java\jdk1.8.0_45\jre\bin\java.dll
0x0000000051d70000 - 0x0000000051da5000 	C:\Program Files\Java\jdk1.8.0_45\jre\bin\jdwp.dll
0x0000000051d60000 - 0x0000000051d68000 	C:\Program Files\Java\jdk1.8.0_45\jre\bin\npt.dll
0x0000000051d40000 - 0x0000000051d56000 	C:\Program Files\Java\jdk1.8.0_45\jre\bin\zip.dll
0x00007fffd7b80000 - 0x00007fffd90a3000 	C:\Windows\system32\SHELL32.dll
0x00007fffd6dd0000 - 0x00007fffd73f9000 	C:\Windows\system32\windows.storage.dll
0x00007fffd99c0000 - 0x00007fffd9c3c000 	C:\Windows\system32\combase.dll
0x00007fffda190000 - 0x00007fffda1e1000 	C:\Windows\system32\shlwapi.dll
0x00007fffd6dc0000 - 0x00007fffd6dcf000 	C:\Windows\system32\kernel.appcore.dll
0x00007fffd74b0000 - 0x00007fffd7563000 	C:\Windows\system32\shcore.dll
0x00007fffd6d50000 - 0x00007fffd6d9a000 	C:\Windows\system32\powrprof.dll
0x00007fffd6da0000 - 0x00007fffd6db3000 	C:\Windows\system32\profapi.dll
0x0000000051d30000 - 0x0000000051d39000 	C:\Program Files\Java\jdk1.8.0_45\jre\bin\dt_socket.dll
0x00007fffcaf50000 - 0x00007fffcaf65000 	C:\Windows\system32\napinsp.dll
0x00007fffcaf30000 - 0x00007fffcaf4a000 	C:\Windows\system32\pnrpnsp.dll
0x00007fffd4f20000 - 0x00007fffd4f38000 	C:\Windows\system32\NLAapi.dll
0x00007fffd6530000 - 0x00007fffd658d000 	C:\Windows\System32\mswsock.dll
0x00007fffd62f0000 - 0x00007fffd6398000 	C:\Windows\SYSTEM32\DNSAPI.dll
0x00007fffcc4a0000 - 0x00007fffcc4ad000 	C:\Windows\System32\winrnr.dll
0x00007fffcaf70000 - 0x00007fffcaf85000 	C:\Windows\system32\wshbth.dll
0x00007fffd0f30000 - 0x00007fffd0f98000 	C:\Windows\System32\fwpuclnt.dll
0x00007fffd6c60000 - 0x00007fffd6c88000 	C:\Windows\SYSTEM32\bcrypt.dll
0x00007fffd0290000 - 0x00007fffd029a000 	C:\Windows\System32\rasadhlp.dll
0x00007fffb4e60000 - 0x00007fffb4fea000 	C:\Windows\SYSTEM32\dbghelp.dll

VM Arguments:
jvm_args: -agentlib:jdwp=transport=dt_socket,suspend=y,address=localhost:58242 -Dfile.encoding=Cp1252 
java_command: com.createPdf.java.CreatePDF
java_class_path (initial): F:\JSP\WorkSpace\ParkingSystem\build\classes;F:\JSP\apache-tomcat-7.0.50\lib\annotations-api.jar;F:\JSP\apache-tomcat-7.0.50\lib\catalina-ant.jar;F:\JSP\apache-tomcat-7.0.50\lib\catalina-ha.jar;F:\JSP\apache-tomcat-7.0.50\lib\catalina-tribes.jar;F:\JSP\apache-tomcat-7.0.50\lib\catalina.jar;F:\JSP\apache-tomcat-7.0.50\lib\com.mysql.jdbc_5.1.5.jar;F:\JSP\apache-tomcat-7.0.50\lib\ecj-4.3.1.jar;F:\JSP\apache-tomcat-7.0.50\lib\el-api.jar;F:\JSP\apache-tomcat-7.0.50\lib\jasper-el.jar;F:\JSP\apache-tomcat-7.0.50\lib\jasper.jar;F:\JSP\apache-tomcat-7.0.50\lib\JavaBridge.jar;F:\JSP\apache-tomcat-7.0.50\lib\jsp-api.jar;F:\JSP\apache-tomcat-7.0.50\lib\php-script.jar;F:\JSP\apache-tomcat-7.0.50\lib\php-servlet.jar;F:\JSP\apache-tomcat-7.0.50\lib\servlet-api.jar;F:\JSP\apache-tomcat-7.0.50\lib\tomcat-api.jar;F:\JSP\apache-tomcat-7.0.50\lib\tomcat-coyote.jar;F:\JSP\apache-tomcat-7.0.50\lib\tomcat-dbcp.jar;F:\JSP\apache-tomcat-7.0.50\lib\tomcat-i18n-es.jar;F:\JSP\apache-tomcat-7.0.50\lib\tomcat-i18n-fr.jar;F:\JSP\apache-tomcat-7.0.50\lib\tomcat-i18n-ja.jar;F:\JSP\apache-tomcat-7.0.50\lib\tomcat-jdbc.jar;F:\JSP\apache-tomcat-7.0.50\lib\tomcat-util.jar;F:\JSP\apache-tomcat-7.0.50\lib\tomcat7-websocket.jar;F:\JSP\apache-tomcat-7.0.50\lib\websocket-api.jar;F:\JSP\WorkSpace\ParkingSystem\itextpdf-5.1.0.jar;F:\JSP\WorkSpace\ParkingSystem\activation.jar;F:\JSP\WorkSpace\ParkingSystem\mail.jar;F:\JSP\WorkSpace\ParkingSystem\barcode.jar
Launcher Type: SUN_STANDARD

Environment Variables:
PATH=C:\Program Files\Java\jdk1.8.0_45\jre\bin;C:/Program Files/Java/jre1.8.0_77/bin/server;C:/Program Files/Java/jre1.8.0_77/bin;C:/Program Files/Java/jre1.8.0_77/lib/amd64;C:\Program Files (x86)\Common Files\Intel\Shared Files\cpp\bin\Intel64;C:\ProgramData\Oracle\Java\javapath;C:\Windows\system32;C:\Windows;C:\Windows\System32\Wbem;C:\Windows\System32\WindowsPowerShell\v1.0\;C:\Program Files\Microsoft SQL Server\110\Tools\Binn\;C:\Program Files\MATLAB\R2014a\runtime\win64;C:\Program Files\MATLAB\R2014a\bin;C:\Program Files\MATLAB\R2014a\polyspace\bin;C:\Program Files\Microsoft\Web Platform Installer\;C:\Program Files\Microsoft SQL Server\120\Tools\Binn\;C:\Program Files (x86)\Windows Live\Shared;C:\Program Files (x86)\Microsoft SQL Server\100\Tools\Binn\;C:\Program Files\Microsoft SQL Server\100\Tools\Binn\;C:\Program Files\Microsoft SQL Server\100\DTS\Binn\;C:\Program Files (x86)\Skype\Phone\;C:\Program Files\Git\cmd;C:\Program Files\nodejs\;C:\Program Files (x86)\Brackets\command;C:\Program Files (x86)\Autodesk\Backburner\;C:\Program Files\Common Files\Autodesk Shared\;C:\Users\Ishara\AppData\Roaming\npm;C:\Users\Ishara\Desktop\eclipse;
USERNAME=Ishara
OS=Windows_NT
PROCESSOR_IDENTIFIER=Intel64 Family 6 Model 58 Stepping 9, GenuineIntel



---------------  S Y S T E M  ---------------

OS: Windows 10.0 , 64 bit Build 10240 (10.0.10240.16384)

CPU:total 4 (2 cores per cpu, 2 threads per core) family 6 model 58 stepping 9, cmov, cx8, fxsr, mmx, sse, sse2, sse3, ssse3, sse4.1, sse4.2, popcnt, avx, clmul, erms, ht, tsc, tscinvbit, tscinv

Memory: 4k page, physical 4066664k(727172k free), swap 7313552k(2184976k free)

vm_info: Java HotSpot(TM) 64-Bit Server VM (25.45-b02) for windows-amd64 JRE (1.8.0_45-b14), built on Apr 10 2015 10:34:15 by "java_re" with MS VC++ 10.0 (VS2010)

time: Sun Jul 10 06:38:36 2016
elapsed time: 2434 seconds (0d 0h 40m 34s)

